<?xml version="1.0" encoding="UTF-8"?>
<!-- Generated by org.testng.reporters.JUnitXMLReporter -->
<testsuite ignored="0" hostname="LAPTOP-N9C49PUS" failures="0" tests="3" name="Default test" time="3.219" errors="0" timestamp="2024-05-25T16:19:02 CDT">
  <testcase classname="com.testautomation.apitesting.tests.DataDrivenTestingUsingCSVFile" name="dataDrivenTesting" time="2.649"/>
  <testcase classname="com.testautomation.apitesting.tests.DataDrivenTestingUsingCSVFile" name="dataDrivenTesting" time="0.233"/>
  <testcase classname="com.testautomation.apitesting.tests.DataDrivenTestingUsingCSVFile" name="dataDrivenTesting" time="0.236"/>
</testsuite> <!-- Default test -->
