<?xml version="1.0" encoding="UTF-8"?>
<!-- Generated by org.testng.reporters.JUnitXMLReporter -->
<testsuite ignored="0" hostname="LAPTOP-N9C49PUS" failures="0" tests="3" name="Test" time="7.568" errors="0" timestamp="2024-05-25T20:25:56 CDT">
  <testcase classname="com.testautomation.apitesting.tests.DataDrivenTestingUsingExcel" name="dataDrivenTesting" time="3.253"/>
  <testcase classname="com.testautomation.apitesting.tests.DataDrivenTestingUsingExcel" name="dataDrivenTesting" time="1.903"/>
  <testcase classname="com.testautomation.apitesting.tests.DataDrivenTestingUsingExcel" name="dataDrivenTesting" time="1.832"/>
</testsuite> <!-- Test -->
