<?xml version="1.0" encoding="UTF-8"?>
<!-- Generated by org.testng.reporters.JUnitXMLReporter -->
<testsuite ignored="0" hostname="LAPTOP-N9C49PUS" failures="0" tests="3" name="Test" time="2.703" errors="0" timestamp="2024-05-25T16:27:51 CDT">
  <testcase classname="com.testautomation.apitesting.tests.DataDrivenTestingUsingCSVFile" name="dataDrivenTesting" time="2.096"/>
  <testcase classname="com.testautomation.apitesting.tests.DataDrivenTestingUsingCSVFile" name="dataDrivenTesting" time="0.248"/>
  <testcase classname="com.testautomation.apitesting.tests.DataDrivenTestingUsingCSVFile" name="dataDrivenTesting" time="0.248"/>
</testsuite> <!-- Test -->
